{"$message_type":"diagnostic","message":"mismatched types","code":{"code":"E0308","explanation":"Expected type did not match the received type.\n\nErroneous code examples:\n\n```compile_fail,E0308\nfn plus_one(x: i32) -> i32 {\n    x + 1\n}\n\nplus_one(\"Not a number\");\n//       ^^^^^^^^^^^^^^ expected `i32`, found `&str`\n\nif \"Not a bool\" {\n// ^^^^^^^^^^^^ expected `bool`, found `&str`\n}\n\nlet x: f32 = \"Not a float\";\n//     ---   ^^^^^^^^^^^^^ expected `f32`, found `&str`\n//     |\n//     expected due to this\n```\n\nThis error occurs when an expression was used in a place where the compiler\nexpected an expression of a different type. It can occur in several cases, the\nmost common being when calling a function and passing an argument which has a\ndifferent type than the matching type in the function declaration.\n"},"level":"error","spans":[{"file_name":"two_sum/src/lib.rs","byte_start":957,"byte_end":965,"line_start":34,"line_end":34,"column_start":26,"column_end":34,"is_primary":true,"text":[{"text":"    fn test_two_sum() -> Vec<i32> {","highlight_start":26,"highlight_end":34}],"label":"expected `Vec<i32>`, found `()`","suggested_replacement":null,"suggestion_applicability":null,"expansion":null},{"file_name":"two_sum/src/lib.rs","byte_start":939,"byte_end":951,"line_start":34,"line_end":34,"column_start":8,"column_end":20,"is_primary":false,"text":[{"text":"    fn test_two_sum() -> Vec<i32> {","highlight_start":8,"highlight_end":20}],"label":"implicitly returns `()` as its body has no tail or `return` expression","suggested_replacement":null,"suggestion_applicability":null,"expansion":null}],"children":[{"message":"expected struct `Vec<i32>`\nfound unit type `()`","code":null,"level":"note","spans":[],"children":[],"rendered":null}],"rendered":"\u001b[1m\u001b[91merror[E0308]\u001b[0m\u001b[1m: mismatched types\u001b[0m\n  \u001b[1m\u001b[94m--> \u001b[0mtwo_sum/src/lib.rs:34:26\n   \u001b[1m\u001b[94m|\u001b[0m\n\u001b[1m\u001b[94m34\u001b[0m \u001b[1m\u001b[94m|\u001b[0m     fn test_two_sum() -> Vec<i32> {\n   \u001b[1m\u001b[94m|\u001b[0m        \u001b[1m\u001b[94m------------\u001b[0m      \u001b[1m\u001b[91m^^^^^^^^\u001b[0m \u001b[1m\u001b[91mexpected `Vec<i32>`, found `()`\u001b[0m\n   \u001b[1m\u001b[94m|\u001b[0m        \u001b[1m\u001b[94m|\u001b[0m\n   \u001b[1m\u001b[94m|\u001b[0m        \u001b[1m\u001b[94mimplicitly returns `()` as its body has no tail or `return` expression\u001b[0m\n   \u001b[1m\u001b[94m|\u001b[0m\n   \u001b[1m\u001b[94m= \u001b[0m\u001b[1mnote\u001b[0m: expected struct `\u001b[1m\u001b[35mVec<i32>\u001b[0m`\n           found unit type `\u001b[1m\u001b[35m()\u001b[0m`\n\n"}
{"$message_type":"diagnostic","message":"mismatched types","code":{"code":"E0308","explanation":"Expected type did not match the received type.\n\nErroneous code examples:\n\n```compile_fail,E0308\nfn plus_one(x: i32) -> i32 {\n    x + 1\n}\n\nplus_one(\"Not a number\");\n//       ^^^^^^^^^^^^^^ expected `i32`, found `&str`\n\nif \"Not a bool\" {\n// ^^^^^^^^^^^^ expected `bool`, found `&str`\n}\n\nlet x: f32 = \"Not a float\";\n//     ---   ^^^^^^^^^^^^^ expected `f32`, found `&str`\n//     |\n//     expected due to this\n```\n\nThis error occurs when an expression was used in a place where the compiler\nexpected an expression of a different type. It can occur in several cases, the\nmost common being when calling a function and passing an argument which has a\ndifferent type than the matching type in the function declaration.\n"},"level":"error","spans":[{"file_name":"two_sum/src/lib.rs","byte_start":1153,"byte_end":1154,"line_start":41,"line_end":41,"column_start":43,"column_end":44,"is_primary":true,"text":[{"text":"        let result = Solution::two_sum(a, b);","highlight_start":43,"highlight_end":44}],"label":"expected `i32`, found `Vec<i32>`","suggested_replacement":null,"suggestion_applicability":null,"expansion":null},{"file_name":"two_sum/src/lib.rs","byte_start":1132,"byte_end":1149,"line_start":41,"line_end":41,"column_start":22,"column_end":39,"is_primary":false,"text":[{"text":"        let result = Solution::two_sum(a, b);","highlight_start":22,"highlight_end":39}],"label":"arguments to this function are incorrect","suggested_replacement":null,"suggestion_applicability":null,"expansion":null}],"children":[{"message":"expected type `i32`\n found struct `Vec<i32>`","code":null,"level":"note","spans":[],"children":[],"rendered":null},{"message":"associated function defined here","code":null,"level":"note","spans":[{"file_name":"two_sum/src/lib.rs","byte_start":125,"byte_end":136,"line_start":7,"line_end":7,"column_start":36,"column_end":47,"is_primary":false,"text":[{"text":"    pub fn two_sum(nums: Vec<i32>, target: i32) -> Vec<i32> {","highlight_start":36,"highlight_end":47}],"label":"","suggested_replacement":null,"suggestion_applicability":null,"expansion":null},{"file_name":"two_sum/src/lib.rs","byte_start":101,"byte_end":108,"line_start":7,"line_end":7,"column_start":12,"column_end":19,"is_primary":true,"text":[{"text":"    pub fn two_sum(nums: Vec<i32>, target: i32) -> Vec<i32> {","highlight_start":12,"highlight_end":19}],"label":null,"suggested_replacement":null,"suggestion_applicability":null,"expansion":null}],"children":[],"rendered":null}],"rendered":"\u001b[1m\u001b[91merror[E0308]\u001b[0m\u001b[1m: mismatched types\u001b[0m\n  \u001b[1m\u001b[94m--> \u001b[0mtwo_sum/src/lib.rs:41:43\n   \u001b[1m\u001b[94m|\u001b[0m\n\u001b[1m\u001b[94m41\u001b[0m \u001b[1m\u001b[94m|\u001b[0m         let result = Solution::two_sum(a, b);\n   \u001b[1m\u001b[94m|\u001b[0m                      \u001b[1m\u001b[94m-----------------\u001b[0m    \u001b[1m\u001b[91m^\u001b[0m \u001b[1m\u001b[91mexpected `i32`, found `Vec<i32>`\u001b[0m\n   \u001b[1m\u001b[94m|\u001b[0m                      \u001b[1m\u001b[94m|\u001b[0m\n   \u001b[1m\u001b[94m|\u001b[0m                      \u001b[1m\u001b[94marguments to this function are incorrect\u001b[0m\n   \u001b[1m\u001b[94m|\u001b[0m\n   \u001b[1m\u001b[94m= \u001b[0m\u001b[1mnote\u001b[0m: expected type `\u001b[1m\u001b[35mi32\u001b[0m`\n            found struct `\u001b[1m\u001b[35mVec<i32>\u001b[0m`\n\u001b[1m\u001b[92mnote\u001b[0m: associated function defined here\n  \u001b[1m\u001b[94m--> \u001b[0mtwo_sum/src/lib.rs:7:12\n   \u001b[1m\u001b[94m|\u001b[0m\n \u001b[1m\u001b[94m7\u001b[0m \u001b[1m\u001b[94m|\u001b[0m     pub fn two_sum(nums: Vec<i32>, target: i32) -> Vec<i32> {\n   \u001b[1m\u001b[94m|\u001b[0m            \u001b[1m\u001b[92m^^^^^^^\u001b[0m                 \u001b[1m\u001b[94m-----------\u001b[0m\n\n"}
{"$message_type":"diagnostic","message":"can't compare `Vec<i32>` with `u64`","code":{"code":"E0277","explanation":"You tried to use a type which doesn't implement some trait in a place which\nexpected that trait.\n\nErroneous code example:\n\n```compile_fail,E0277\n// here we declare the Foo trait with a bar method\ntrait Foo {\n    fn bar(&self);\n}\n\n// we now declare a function which takes an object implementing the Foo trait\nfn some_func<T: Foo>(foo: T) {\n    foo.bar();\n}\n\nfn main() {\n    // we now call the method with the i32 type, which doesn't implement\n    // the Foo trait\n    some_func(5i32); // error: the trait bound `i32 : Foo` is not satisfied\n}\n```\n\nIn order to fix this error, verify that the type you're using does implement\nthe trait. Example:\n\n```\ntrait Foo {\n    fn bar(&self);\n}\n\n// we implement the trait on the i32 type\nimpl Foo for i32 {\n    fn bar(&self) {}\n}\n\nfn some_func<T: Foo>(foo: T) {\n    foo.bar(); // we can now use this method since i32 implements the\n               // Foo trait\n}\n\nfn main() {\n    some_func(5i32); // ok!\n}\n```\n\nOr in a generic context, an erroneous code example would look like:\n\n```compile_fail,E0277\nfn some_func<T>(foo: T) {\n    println!(\"{:?}\", foo); // error: the trait `core::fmt::Debug` is not\n                           //        implemented for the type `T`\n}\n\nfn main() {\n    // We now call the method with the i32 type,\n    // which *does* implement the Debug trait.\n    some_func(5i32);\n}\n```\n\nNote that the error here is in the definition of the generic function. Although\nwe only call it with a parameter that does implement `Debug`, the compiler\nstill rejects the function. It must work with all possible input types. In\norder to make this example compile, we need to restrict the generic type we're\naccepting:\n\n```\nuse std::fmt;\n\n// Restrict the input type to types that implement Debug.\nfn some_func<T: fmt::Debug>(foo: T) {\n    println!(\"{:?}\", foo);\n}\n\nfn main() {\n    // Calling the method is still fine, as i32 implements Debug.\n    some_func(5i32);\n\n    // This would fail to compile now:\n    // struct WithoutDebug;\n    // some_func(WithoutDebug);\n}\n```\n\nRust only looks at the signature of the called function, as such it must\nalready specify all requirements that will be used for every type parameter.\n"},"level":"error","spans":[{"file_name":"/Users/ajigherighe/.rustup/toolchains/stable-aarch64-apple-darwin/lib/rustlib/src/rust/library/core/src/macros/mod.rs","byte_start":1464,"byte_end":1466,"line_start":46,"line_end":46,"column_start":32,"column_end":34,"is_primary":true,"text":[{"text":"                if !(*left_val == *right_val) {","highlight_start":32,"highlight_end":34}],"label":"no implementation for `Vec<i32> == u64`","suggested_replacement":null,"suggestion_applicability":null,"expansion":{"span":{"file_name":"two_sum/src/lib.rs","byte_start":1165,"byte_end":1193,"line_start":42,"line_end":42,"column_start":9,"column_end":37,"is_primary":false,"text":[{"text":"        assert_eq!(result, expected);","highlight_start":9,"highlight_end":37}],"label":null,"suggested_replacement":null,"suggestion_applicability":null,"expansion":null},"macro_decl_name":"assert_eq!","def_site_span":{"file_name":"/Users/ajigherighe/.rustup/toolchains/stable-aarch64-apple-darwin/lib/rustlib/src/rust/library/core/src/macros/mod.rs","byte_start":1294,"byte_end":1316,"line_start":42,"line_end":42,"column_start":1,"column_end":23,"is_primary":false,"text":[{"text":"macro_rules! assert_eq {","highlight_start":1,"highlight_end":23}],"label":null,"suggested_replacement":null,"suggestion_applicability":null,"expansion":null}}}],"children":[{"message":"the trait `PartialEq<u64>` is not implemented for `Vec<i32>`","code":null,"level":"help","spans":[],"children":[],"rendered":null},{"message":"the following other types implement trait `PartialEq<Rhs>`:\n  `Vec<T, A1>` implements `PartialEq<Vec<U, A2>>`\n  `Vec<T, A>` implements `PartialEq<&[U; N]>`\n  `Vec<T, A>` implements `PartialEq<&[U]>`\n  `Vec<T, A>` implements `PartialEq<&mut [U]>`\n  `Vec<T, A>` implements `PartialEq<[U; N]>`\n  `Vec<T, A>` implements `PartialEq<[U]>`\n  `Vec<u8>` implements `PartialEq<ByteStr>`\n  `Vec<u8>` implements `PartialEq<ByteString>`","code":null,"level":"help","spans":[],"children":[],"rendered":null}],"rendered":"\u001b[1m\u001b[91merror[E0277]\u001b[0m\u001b[1m: can't compare `Vec<i32>` with `u64`\u001b[0m\n  \u001b[1m\u001b[94m--> \u001b[0mtwo_sum/src/lib.rs:42:9\n   \u001b[1m\u001b[94m|\u001b[0m\n\u001b[1m\u001b[94m42\u001b[0m \u001b[1m\u001b[94m|\u001b[0m         assert_eq!(result, expected);\n   \u001b[1m\u001b[94m|\u001b[0m         \u001b[1m\u001b[91m^^^^^^^^^^^^^^^^^^^^^^^^^^^^\u001b[0m \u001b[1m\u001b[91mno implementation for `Vec<i32> == u64`\u001b[0m\n   \u001b[1m\u001b[94m|\u001b[0m\n   \u001b[1m\u001b[94m= \u001b[0m\u001b[1mhelp\u001b[0m: the trait `PartialEq<u64>` is not implemented for `Vec<i32>`\n   \u001b[1m\u001b[94m= \u001b[0m\u001b[1mhelp\u001b[0m: the following other types implement trait `PartialEq<Rhs>`:\n             `Vec<T, A1>` implements `PartialEq<Vec<U, A2>>`\n             `Vec<T, A>` implements `PartialEq<&[U; N]>`\n             `Vec<T, A>` implements `PartialEq<&[U]>`\n             `Vec<T, A>` implements `PartialEq<&mut [U]>`\n             `Vec<T, A>` implements `PartialEq<[U; N]>`\n             `Vec<T, A>` implements `PartialEq<[U]>`\n             `Vec<u8>` implements `PartialEq<ByteStr>`\n             `Vec<u8>` implements `PartialEq<ByteString>`\n   \u001b[1m\u001b[94m= \u001b[0m\u001b[1mnote\u001b[0m: this error originates in the macro `assert_eq` (in Nightly builds, run with -Z macro-backtrace for more info)\n\n"}
{"$message_type":"diagnostic","message":"arguments to this function are incorrect","code":{"code":"E0308","explanation":"Expected type did not match the received type.\n\nErroneous code examples:\n\n```compile_fail,E0308\nfn plus_one(x: i32) -> i32 {\n    x + 1\n}\n\nplus_one(\"Not a number\");\n//       ^^^^^^^^^^^^^^ expected `i32`, found `&str`\n\nif \"Not a bool\" {\n// ^^^^^^^^^^^^ expected `bool`, found `&str`\n}\n\nlet x: f32 = \"Not a float\";\n//     ---   ^^^^^^^^^^^^^ expected `f32`, found `&str`\n//     |\n//     expected due to this\n```\n\nThis error occurs when an expression was used in a place where the compiler\nexpected an expression of a different type. It can occur in several cases, the\nmost common being when calling a function and passing an argument which has a\ndifferent type than the matching type in the function declaration.\n"},"level":"error","spans":[{"file_name":"two_sum/src/lib.rs","byte_start":1094,"byte_end":1102,"line_start":40,"line_end":40,"column_start":66,"column_end":74,"is_primary":false,"text":[{"text":"    fn it_works(#[case] a:Vec<i32>, #[case] b: Vec<i32>, #[case] expected: u64) {","highlight_start":66,"highlight_end":74}],"label":"unexpected argument #3 of type `[{integer}; 2]`","suggested_replacement":null,"suggestion_applicability":null,"expansion":null},{"file_name":"two_sum/src/lib.rs","byte_start":1073,"byte_end":1074,"line_start":40,"line_end":40,"column_start":45,"column_end":46,"is_primary":false,"text":[{"text":"    fn it_works(#[case] a:Vec<i32>, #[case] b: Vec<i32>, #[case] expected: u64) {","highlight_start":45,"highlight_end":46}],"label":"argument #2 of type `Vec<i32>` is missing","suggested_replacement":null,"suggestion_applicability":null,"expansion":null},{"file_name":"two_sum/src/lib.rs","byte_start":1036,"byte_end":1044,"line_start":40,"line_end":40,"column_start":8,"column_end":16,"is_primary":true,"text":[{"text":"    fn it_works(#[case] a:Vec<i32>, #[case] b: Vec<i32>, #[case] expected: u64) {","highlight_start":8,"highlight_end":16}],"label":null,"suggested_replacement":null,"suggestion_applicability":null,"expansion":null}],"children":[{"message":"expected `Vec<i32>`, found `[{integer}; 4]`","code":null,"level":"note","spans":[{"file_name":"two_sum/src/lib.rs","byte_start":1053,"byte_end":1054,"line_start":40,"line_end":40,"column_start":25,"column_end":26,"is_primary":true,"text":[{"text":"    fn it_works(#[case] a:Vec<i32>, #[case] b: Vec<i32>, #[case] expected: u64) {","highlight_start":25,"highlight_end":26}],"label":null,"suggested_replacement":null,"suggestion_applicability":null,"expansion":null}],"children":[],"rendered":null},{"message":"expected struct `Vec<i32>`\n    found array `[{integer}; 4]`","code":null,"level":"note","spans":[],"children":[],"rendered":null},{"message":"function defined here","code":null,"level":"note","spans":[{"file_name":"two_sum/src/lib.rs","byte_start":1053,"byte_end":1063,"line_start":40,"line_end":40,"column_start":25,"column_end":35,"is_primary":false,"text":[{"text":"    fn it_works(#[case] a:Vec<i32>, #[case] b: Vec<i32>, #[case] expected: u64) {","highlight_start":25,"highlight_end":35}],"label":"","suggested_replacement":null,"suggestion_applicability":null,"expansion":null},{"file_name":"two_sum/src/lib.rs","byte_start":1073,"byte_end":1084,"line_start":40,"line_end":40,"column_start":45,"column_end":56,"is_primary":false,"text":[{"text":"    fn it_works(#[case] a:Vec<i32>, #[case] b: Vec<i32>, #[case] expected: u64) {","highlight_start":45,"highlight_end":56}],"label":"","suggested_replacement":null,"suggestion_applicability":null,"expansion":null},{"file_name":"two_sum/src/lib.rs","byte_start":1036,"byte_end":1044,"line_start":40,"line_end":40,"column_start":8,"column_end":16,"is_primary":true,"text":[{"text":"    fn it_works(#[case] a:Vec<i32>, #[case] b: Vec<i32>, #[case] expected: u64) {","highlight_start":8,"highlight_end":16}],"label":null,"suggested_replacement":null,"suggestion_applicability":null,"expansion":null}],"children":[],"rendered":null},{"message":"try using a conversion method","code":null,"level":"help","spans":[{"file_name":"two_sum/src/lib.rs","byte_start":1054,"byte_end":1054,"line_start":40,"line_end":40,"column_start":26,"column_end":26,"is_primary":true,"text":[{"text":"    fn it_works(#[case] a:Vec<i32>, #[case] b: Vec<i32>, #[case] expected: u64) {","highlight_start":26,"highlight_end":26}],"label":null,"suggested_replacement":".to_vec()","suggestion_applicability":"MaybeIncorrect","expansion":null}],"children":[],"rendered":null},{"message":"provide the argument","code":null,"level":"help","spans":[{"file_name":"two_sum/src/lib.rs","byte_start":1044,"byte_end":1044,"line_start":40,"line_end":40,"column_start":16,"column_end":16,"is_primary":true,"text":[{"text":"    fn it_works(#[case] a:Vec<i32>, #[case] b: Vec<i32>, #[case] expected: u64) {","highlight_start":16,"highlight_end":16}],"label":null,"suggested_replacement":"(/* Vec<i32> */, /* Vec<i32> */, b)","suggestion_applicability":"HasPlaceholders","expansion":null}],"children":[],"rendered":null}],"rendered":"\u001b[1m\u001b[91merror[E0308]\u001b[0m\u001b[1m: arguments to this function are incorrect\u001b[0m\n  \u001b[1m\u001b[94m--> \u001b[0mtwo_sum/src/lib.rs:40:8\n   \u001b[1m\u001b[94m|\u001b[0m\n\u001b[1m\u001b[94m40\u001b[0m \u001b[1m\u001b[94m|\u001b[0m     fn it_works(#[case] a:Vec<i32>, #[case] b: Vec<i32>, #[case] expected: u64) {\n   \u001b[1m\u001b[94m|\u001b[0m        \u001b[1m\u001b[91m^^^^^^^^\u001b[0m                             \u001b[1m\u001b[94m-\u001b[0m                    \u001b[1m\u001b[94m--------\u001b[0m \u001b[1m\u001b[94munexpected argument #3 of type `[{integer}; 2]`\u001b[0m\n   \u001b[1m\u001b[94m|\u001b[0m                                             \u001b[1m\u001b[94m|\u001b[0m\n   \u001b[1m\u001b[94m|\u001b[0m                                             \u001b[1m\u001b[94margument #2 of type `Vec<i32>` is missing\u001b[0m\n   \u001b[1m\u001b[94m|\u001b[0m\n\u001b[1m\u001b[92mnote\u001b[0m: expected `Vec<i32>`, found `[{integer}; 4]`\n  \u001b[1m\u001b[94m--> \u001b[0mtwo_sum/src/lib.rs:40:25\n   \u001b[1m\u001b[94m|\u001b[0m\n\u001b[1m\u001b[94m40\u001b[0m \u001b[1m\u001b[94m|\u001b[0m     fn it_works(#[case] a:Vec<i32>, #[case] b: Vec<i32>, #[case] expected: u64) {\n   \u001b[1m\u001b[94m|\u001b[0m                         \u001b[1m\u001b[92m^\u001b[0m\n   \u001b[1m\u001b[94m= \u001b[0m\u001b[1mnote\u001b[0m: expected struct `\u001b[1m\u001b[35mVec<i32>\u001b[0m`\n               found array `\u001b[1m\u001b[35m[{integer}; 4]\u001b[0m`\n\u001b[1m\u001b[92mnote\u001b[0m: function defined here\n  \u001b[1m\u001b[94m--> \u001b[0mtwo_sum/src/lib.rs:40:8\n   \u001b[1m\u001b[94m|\u001b[0m\n\u001b[1m\u001b[94m40\u001b[0m \u001b[1m\u001b[94m|\u001b[0m     fn it_works(#[case] a:Vec<i32>, #[case] b: Vec<i32>, #[case] expected: u64) {\n   \u001b[1m\u001b[94m|\u001b[0m        \u001b[1m\u001b[92m^^^^^^^^\u001b[0m         \u001b[1m\u001b[94m----------\u001b[0m          \u001b[1m\u001b[94m-----------\u001b[0m\n\u001b[1m\u001b[96mhelp\u001b[0m: try using a conversion method\n   \u001b[1m\u001b[94m|\u001b[0m\n\u001b[1m\u001b[94m40\u001b[0m \u001b[1m\u001b[94m| \u001b[0m    fn it_works(#[case] a\u001b[92m.to_vec()\u001b[0m:Vec<i32>, #[case] b: Vec<i32>, #[case] expected: u64) {\n   \u001b[1m\u001b[94m|\u001b[0m                          \u001b[92m+++++++++\u001b[0m\n\u001b[1m\u001b[96mhelp\u001b[0m: provide the argument\n   \u001b[1m\u001b[94m|\u001b[0m\n\u001b[1m\u001b[94m40\u001b[0m \u001b[1m\u001b[94m| \u001b[0m    fn it_works\u001b[92m(/* Vec<i32> */, /* Vec<i32> */, b)\u001b[0m(#[case] a:Vec<i32>, #[case] b: Vec<i32>, #[case] expected: u64) {\n   \u001b[1m\u001b[94m|\u001b[0m                \u001b[92m+++++++++++++++++++++++++++++++++++\u001b[0m\n\n"}
{"$message_type":"diagnostic","message":"unused variable: `num_len`","code":{"code":"unused_variables","explanation":null},"level":"warning","spans":[{"file_name":"two_sum/src/lib.rs","byte_start":245,"byte_end":252,"line_start":9,"line_end":9,"column_start":13,"column_end":20,"is_primary":true,"text":[{"text":"        let num_len = nums.len();","highlight_start":13,"highlight_end":20}],"label":null,"suggested_replacement":null,"suggestion_applicability":null,"expansion":null}],"children":[{"message":"`#[warn(unused_variables)]` (part of `#[warn(unused)]`) on by default","code":null,"level":"note","spans":[],"children":[],"rendered":null},{"message":"if this is intentional, prefix it with an underscore","code":null,"level":"help","spans":[{"file_name":"two_sum/src/lib.rs","byte_start":245,"byte_end":252,"line_start":9,"line_end":9,"column_start":13,"column_end":20,"is_primary":true,"text":[{"text":"        let num_len = nums.len();","highlight_start":13,"highlight_end":20}],"label":null,"suggested_replacement":"_num_len","suggestion_applicability":"MachineApplicable","expansion":null}],"children":[],"rendered":null}],"rendered":"\u001b[1m\u001b[33mwarning\u001b[0m\u001b[1m: unused variable: `num_len`\u001b[0m\n \u001b[1m\u001b[94m--> \u001b[0mtwo_sum/src/lib.rs:9:13\n  \u001b[1m\u001b[94m|\u001b[0m\n\u001b[1m\u001b[94m9\u001b[0m \u001b[1m\u001b[94m|\u001b[0m         let num_len = nums.len();\n  \u001b[1m\u001b[94m|\u001b[0m             \u001b[1m\u001b[33m^^^^^^^\u001b[0m \u001b[1m\u001b[33mhelp: if this is intentional, prefix it with an underscore: `_num_len`\u001b[0m\n  \u001b[1m\u001b[94m|\u001b[0m\n  \u001b[1m\u001b[94m= \u001b[0m\u001b[1mnote\u001b[0m: `#[warn(unused_variables)]` (part of `#[warn(unused)]`) on by default\n\n"}
{"$message_type":"diagnostic","message":"aborting due to 4 previous errors; 1 warning emitted","code":null,"level":"error","spans":[],"children":[],"rendered":"\u001b[1m\u001b[91merror\u001b[0m\u001b[1m: aborting due to 4 previous errors; 1 warning emitted\u001b[0m\n\n"}
{"$message_type":"diagnostic","message":"Some errors have detailed explanations: E0277, E0308.","code":null,"level":"failure-note","spans":[],"children":[],"rendered":"\u001b[1mSome errors have detailed explanations: E0277, E0308.\u001b[0m\n"}
{"$message_type":"diagnostic","message":"For more information about an error, try `rustc --explain E0277`.","code":null,"level":"failure-note","spans":[],"children":[],"rendered":"\u001b[1mFor more information about an error, try `rustc --explain E0277`.\u001b[0m\n"}
